InnoDB: using atomic writes.
2020-11-06 13:38:09 0 [Note] InnoDB: Mutexes and rw_locks use Windows interlocked functions
2020-11-06 13:38:09 0 [Note] InnoDB: Uses event mutexes
2020-11-06 13:38:09 0 [Note] InnoDB: Compressed tables use zlib 1.2.11
2020-11-06 13:38:09 0 [Note] InnoDB: Number of pools: 1
2020-11-06 13:38:09 0 [Note] InnoDB: Using SSE2 crc32 instructions
2020-11-06 13:38:09 0 [Note] InnoDB: Initializing buffer pool, total size = 16M, instances = 1, chunk size = 16M
2020-11-06 13:38:09 0 [Note] InnoDB: Completed initialization of buffer pool
2020-11-06 13:38:09 0 [Note] InnoDB: Starting crash recovery from checkpoint LSN=300288
2020-11-06 13:38:10 0 [Note] InnoDB: 128 out of 128 rollback segments are active.
2020-11-06 13:38:10 0 [Note] InnoDB: Removed temporary tablespace data file: "ibtmp1"
2020-11-06 13:38:10 0 [Note] InnoDB: Creating shared tablespace for temporary tables
2020-11-06 13:38:10 0 [Note] InnoDB: Setting file 'C:\xampp\mysql\data\ibtmp1' size to 12 MB. Physically writing the file full; Please wait ...
2020-11-06 13:38:10 0 [Note] InnoDB: File 'C:\xampp\mysql\data\ibtmp1' size is now 12 MB.
2020-11-06 13:38:10 0 [Note] InnoDB: Waiting for purge to start
2020-11-06 13:38:10 0 [Note] InnoDB: 10.4.14 started; log sequence number 300297; transaction id 171
2020-11-06 13:38:10 0 [Note] InnoDB: Loading buffer pool(s) from C:\xampp\mysql\data\ib_buffer_pool
2020-11-06 13:38:10 0 [Note] Plugin 'FEEDBACK' is disabled.
2020-11-06 13:38:10 0 [Note] InnoDB: Buffer pool(s) load completed at 201106 13:38:10
2020-11-06 13:38:10 0 [Note] Server socket created on IP: '::'.
InnoDB: using atomic writes.
2020-11-06 13:57:43 0 [Note] InnoDB: Mutexes and rw_locks use Windows interlocked functions
2020-11-06 13:57:43 0 [Note] InnoDB: Uses event mutexes
2020-11-06 13:57:43 0 [Note] InnoDB: Compressed tables use zlib 1.2.11
2020-11-06 13:57:43 0 [Note] InnoDB: Number of pools: 1
2020-11-06 13:57:43 0 [Note] InnoDB: Using SSE2 crc32 instructions
2020-11-06 13:57:43 0 [Note] InnoDB: Initializing buffer pool, total size = 16M, instances = 1, chunk size = 16M
2020-11-06 13:57:43 0 [Note] InnoDB: Completed initialization of buffer pool
2020-11-06 13:57:43 0 [Note] InnoDB: Starting crash recovery from checkpoint LSN=300306
2020-11-06 13:57:43 0 [Note] InnoDB: 128 out of 128 rollback segments are active.
2020-11-06 13:57:43 0 [Note] InnoDB: Removed temporary tablespace data file: "ibtmp1"
2020-11-06 13:57:43 0 [Note] InnoDB: Creating shared tablespace for temporary tables
2020-11-06 13:57:43 0 [Note] InnoDB: Setting file 'C:\xampp\mysql\data\ibtmp1' size to 12 MB. Physically writing the file full; Please wait ...
2020-11-06 13:57:43 0 [Note] InnoDB: File 'C:\xampp\mysql\data\ibtmp1' size is now 12 MB.
2020-11-06 13:57:43 0 [Note] InnoDB: Waiting for purge to start
2020-11-06 13:57:43 0 [Note] InnoDB: 10.4.14 started; log sequence number 300315; transaction id 171
2020-11-06 13:57:43 0 [Note] InnoDB: Loading buffer pool(s) from C:\xampp\mysql\data\ib_buffer_pool
2020-11-06 13:57:43 0 [Note] InnoDB: Buffer pool(s) load completed at 201106 13:57:43
2020-11-06 13:57:44 0 [Note] Plugin 'FEEDBACK' is disabled.
2020-11-06 13:57:44 0 [Note] Server socket created on IP: '::'.
InnoDB: using atomic writes.
2020-11-06 14:49:18 0 [Note] InnoDB: Mutexes and rw_locks use Windows interlocked functions
2020-11-06 14:49:18 0 [Note] InnoDB: Uses event mutexes
2020-11-06 14:49:18 0 [Note] InnoDB: Compressed tables use zlib 1.2.11
2020-11-06 14:49:18 0 [Note] InnoDB: Number of pools: 1
2020-11-06 14:49:18 0 [Note] InnoDB: Using SSE2 crc32 instructions
2020-11-06 14:49:18 0 [Note] InnoDB: Initializing buffer pool, total size = 16M, instances = 1, chunk size = 16M
2020-11-06 14:49:18 0 [Note] InnoDB: Completed initialization of buffer pool
2020-11-06 14:49:18 0 [Note] InnoDB: Starting crash recovery from checkpoint LSN=300324
2020-11-06 14:49:18 0 [Note] InnoDB: 128 out of 128 rollback segments are active.
2020-11-06 14:49:18 0 [Note] InnoDB: Removed temporary tablespace data file: "ibtmp1"
2020-11-06 14:49:18 0 [Note] InnoDB: Creating shared tablespace for temporary tables
2020-11-06 14:49:18 0 [Note] InnoDB: Setting file 'C:\xampp\mysql\data\ibtmp1' size to 12 MB. Physically writing the file full; Please wait ...
2020-11-06 14:49:18 0 [Note] InnoDB: File 'C:\xampp\mysql\data\ibtmp1' size is now 12 MB.
2020-11-06 14:49:18 0 [Note] InnoDB: Waiting for purge to start
2020-11-06 14:49:18 0 [Note] InnoDB: 10.4.14 started; log sequence number 300333; transaction id 171
2020-11-06 14:49:18 0 [Note] InnoDB: Loading buffer pool(s) from C:\xampp\mysql\data\ib_buffer_pool
2020-11-06 14:49:18 0 [Note] Plugin 'FEEDBACK' is disabled.
2020-11-06 14:49:18 0 [Note] InnoDB: Buffer pool(s) load completed at 201106 14:49:18
2020-11-06 14:49:19 0 [Note] Server socket created on IP: '::'.
InnoDB: using atomic writes.
2020-11-06 22:17:33 0 [Note] InnoDB: Mutexes and rw_locks use Windows interlocked functions
2020-11-06 22:17:33 0 [Note] InnoDB: Uses event mutexes
2020-11-06 22:17:33 0 [Note] InnoDB: Compressed tables use zlib 1.2.11
2020-11-06 22:17:33 0 [Note] InnoDB: Number of pools: 1
2020-11-06 22:17:33 0 [Note] InnoDB: Using SSE2 crc32 instructions
2020-11-06 22:17:33 0 [Note] InnoDB: Initializing buffer pool, total size = 16M, instances = 1, chunk size = 16M
2020-11-06 22:17:33 0 [Note] InnoDB: Completed initialization of buffer pool
2020-11-06 22:17:33 0 [Note] InnoDB: Starting crash recovery from checkpoint LSN=300342
2020-11-06 22:17:35 0 [Note] InnoDB: 128 out of 128 rollback segments are active.
2020-11-06 22:17:35 0 [Note] InnoDB: Removed temporary tablespace data file: "ibtmp1"
2020-11-06 22:17:35 0 [Note] InnoDB: Creating shared tablespace for temporary tables
2020-11-06 22:17:35 0 [Note] InnoDB: Setting file 'C:\xampp\mysql\data\ibtmp1' size to 12 MB. Physically writing the file full; Please wait ...
2020-11-06 22:17:35 0 [Note] InnoDB: File 'C:\xampp\mysql\data\ibtmp1' size is now 12 MB.
2020-11-06 22:17:35 0 [Note] InnoDB: Waiting for purge to start
2020-11-06 22:17:35 0 [Note] InnoDB: 10.4.14 started; log sequence number 300351; transaction id 171
2020-11-06 22:17:35 0 [Note] InnoDB: Loading buffer pool(s) from C:\xampp\mysql\data\ib_buffer_pool
2020-11-06 22:17:35 0 [Note] Plugin 'FEEDBACK' is disabled.
2020-11-06 22:17:35 0 [Note] InnoDB: Buffer pool(s) load completed at 201106 22:17:35
2020-11-06 22:17:35 0 [Note] Server socket created on IP: '::'.
InnoDB: using atomic writes.
2020-11-06 22:22:24 0 [Note] InnoDB: Mutexes and rw_locks use Windows interlocked functions
2020-11-06 22:22:24 0 [Note] InnoDB: Uses event mutexes
2020-11-06 22:22:24 0 [Note] InnoDB: Compressed tables use zlib 1.2.11
2020-11-06 22:22:24 0 [Note] InnoDB: Number of pools: 1
2020-11-06 22:22:24 0 [Note] InnoDB: Using SSE2 crc32 instructions
2020-11-06 22:22:24 0 [Note] InnoDB: Initializing buffer pool, total size = 16M, instances = 1, chunk size = 16M
2020-11-06 22:22:24 0 [Note] InnoDB: Completed initialization of buffer pool
2020-11-06 22:22:24 0 [Note] InnoDB: Starting crash recovery from checkpoint LSN=300360
2020-11-06 22:22:25 0 [Note] InnoDB: 128 out of 128 rollback segments are active.
2020-11-06 22:22:25 0 [Note] InnoDB: Removed temporary tablespace data file: "ibtmp1"
2020-11-06 22:22:25 0 [Note] InnoDB: Creating shared tablespace for temporary tables
2020-11-06 22:22:25 0 [Note] InnoDB: Setting file 'C:\xampp\mysql\data\ibtmp1' size to 12 MB. Physically writing the file full; Please wait ...
2020-11-06 22:22:25 0 [Note] InnoDB: File 'C:\xampp\mysql\data\ibtmp1' size is now 12 MB.
2020-11-06 22:22:25 0 [Note] InnoDB: Waiting for purge to start
2020-11-06 22:22:25 0 [Note] InnoDB: 10.4.14 started; log sequence number 300369; transaction id 171
2020-11-06 22:22:25 0 [Note] InnoDB: Loading buffer pool(s) from C:\xampp\mysql\data\ib_buffer_pool
2020-11-06 22:22:25 0 [Note] Plugin 'FEEDBACK' is disabled.
2020-11-06 22:22:25 0 [Note] InnoDB: Buffer pool(s) load completed at 201106 22:22:25
2020-11-06 22:22:25 0 [Note] Server socket created on IP: '::'.
InnoDB: using atomic writes.
2020-11-06 22:23:47 0 [Note] InnoDB: Mutexes and rw_locks use Windows interlocked functions
2020-11-06 22:23:47 0 [Note] InnoDB: Uses event mutexes
2020-11-06 22:23:47 0 [Note] InnoDB: Compressed tables use zlib 1.2.11
2020-11-06 22:23:47 0 [Note] InnoDB: Number of pools: 1
2020-11-06 22:23:47 0 [Note] InnoDB: Using SSE2 crc32 instructions
2020-11-06 22:23:47 0 [Note] InnoDB: Initializing buffer pool, total size = 16M, instances = 1, chunk size = 16M
2020-11-06 22:23:47 0 [Note] InnoDB: Completed initialization of buffer pool
2020-11-06 22:23:47 0 [Note] InnoDB: Starting crash recovery from checkpoint LSN=300378
2020-11-06 22:23:47 0 [Note] InnoDB: 128 out of 128 rollback segments are active.
2020-11-06 22:23:47 0 [Note] InnoDB: Removed temporary tablespace data file: "ibtmp1"
2020-11-06 22:23:47 0 [Note] InnoDB: Creating shared tablespace for temporary tables
2020-11-06 22:23:47 0 [Note] InnoDB: Setting file 'C:\xampp\mysql\data\ibtmp1' size to 12 MB. Physically writing the file full; Please wait ...
2020-11-06 22:23:47 0 [Note] InnoDB: File 'C:\xampp\mysql\data\ibtmp1' size is now 12 MB.
2020-11-06 22:23:47 0 [Note] InnoDB: Waiting for purge to start
2020-11-06 22:23:47 0 [Note] InnoDB: 10.4.14 started; log sequence number 300387; transaction id 171
2020-11-06 22:23:47 0 [Note] InnoDB: Loading buffer pool(s) from C:\xampp\mysql\data\ib_buffer_pool
2020-11-06 22:23:47 0 [Note] Plugin 'FEEDBACK' is disabled.
2020-11-06 22:23:47 0 [Note] InnoDB: Buffer pool(s) load completed at 201106 22:23:47
2020-11-06 22:23:47 0 [Note] Server socket created on IP: '::'.
InnoDB: using atomic writes.
2020-11-06 22:37:52 0 [ERROR] InnoDB: The innodb_system data file 'ibdata1' must be writable
2020-11-06 22:37:52 0 [ERROR] InnoDB: The innodb_system data file 'ibdata1' must be writable
2020-11-06 22:37:52 0 [ERROR] Plugin 'InnoDB' init function returned error.
2020-11-06 22:37:52 0 [ERROR] Plugin 'InnoDB' registration as a STORAGE ENGINE failed.
2020-11-06 22:37:52 0 [Note] Plugin 'FEEDBACK' is disabled.
2020-11-06 22:37:52 0 [ERROR] Unknown/unsupported storage engine: InnoDB
2020-11-06 22:37:52 0 [ERROR] Aborting
InnoDB: using atomic writes.
2020-11-07 13:35:59 0 [Note] InnoDB: Mutexes and rw_locks use Windows interlocked functions
2020-11-07 13:35:59 0 [Note] InnoDB: Uses event mutexes
2020-11-07 13:35:59 0 [Note] InnoDB: Compressed tables use zlib 1.2.11
2020-11-07 13:35:59 0 [Note] InnoDB: Number of pools: 1
2020-11-07 13:35:59 0 [Note] InnoDB: Using SSE2 crc32 instructions
2020-11-07 13:35:59 0 [Note] InnoDB: Initializing buffer pool, total size = 16M, instances = 1, chunk size = 16M
2020-11-07 13:35:59 0 [Note] InnoDB: Completed initialization of buffer pool
2020-11-07 13:35:59 0 [Note] InnoDB: Starting crash recovery from checkpoint LSN=300396
2020-11-07 13:36:01 0 [Note] InnoDB: 128 out of 128 rollback segments are active.
2020-11-07 13:36:01 0 [Note] InnoDB: Removed temporary tablespace data file: "ibtmp1"
2020-11-07 13:36:01 0 [Note] InnoDB: Creating shared tablespace for temporary tables
2020-11-07 13:36:01 0 [Note] InnoDB: Setting file 'C:\xampp\mysql\data\ibtmp1' size to 12 MB. Physically writing the file full; Please wait ...
2020-11-07 13:36:01 0 [Note] InnoDB: File 'C:\xampp\mysql\data\ibtmp1' size is now 12 MB.
2020-11-07 13:36:01 0 [Note] InnoDB: Waiting for purge to start
2020-11-07 13:36:01 0 [Note] InnoDB: 10.4.14 started; log sequence number 300405; transaction id 171
2020-11-07 13:36:01 0 [Note] InnoDB: Loading buffer pool(s) from C:\xampp\mysql\data\ib_buffer_pool
2020-11-07 13:36:01 0 [Note] Plugin 'FEEDBACK' is disabled.
2020-11-07 13:36:01 0 [Note] InnoDB: Buffer pool(s) load completed at 201107 13:36:01
2020-11-07 13:36:01 0 [Note] Server socket created on IP: '::'.
InnoDB: using atomic writes.
2020-11-07 13:51:26 0 [ERROR] InnoDB: The innodb_system data file 'ibdata1' must be writable
2020-11-07 13:51:26 0 [ERROR] InnoDB: The innodb_system data file 'ibdata1' must be writable
2020-11-07 13:51:26 0 [ERROR] Plugin 'InnoDB' init function returned error.
2020-11-07 13:51:26 0 [ERROR] Plugin 'InnoDB' registration as a STORAGE ENGINE failed.
2020-11-07 13:51:26 0 [Note] Plugin 'FEEDBACK' is disabled.
2020-11-07 13:51:26 0 [ERROR] Unknown/unsupported storage engine: InnoDB
2020-11-07 13:51:26 0 [ERROR] Aborting
InnoDB: using atomic writes.
2020-11-07 13:51:41 0 [Note] InnoDB: Mutexes and rw_locks use Windows interlocked functions
2020-11-07 13:51:41 0 [Note] InnoDB: Uses event mutexes
2020-11-07 13:51:41 0 [Note] InnoDB: Compressed tables use zlib 1.2.11
2020-11-07 13:51:41 0 [Note] InnoDB: Number of pools: 1
2020-11-07 13:51:41 0 [Note] InnoDB: Using SSE2 crc32 instructions
2020-11-07 13:51:41 0 [Note] InnoDB: Initializing buffer pool, total size = 16M, instances = 1, chunk size = 16M
2020-11-07 13:51:41 0 [Note] InnoDB: Completed initialization of buffer pool
2020-11-07 13:51:41 0 [Note] InnoDB: Starting crash recovery from checkpoint LSN=300414
2020-11-07 13:51:41 0 [Note] InnoDB: 128 out of 128 rollback segments are active.
2020-11-07 13:51:41 0 [Note] InnoDB: Removed temporary tablespace data file: "ibtmp1"
2020-11-07 13:51:41 0 [Note] InnoDB: Creating shared tablespace for temporary tables
2020-11-07 13:51:41 0 [Note] InnoDB: Setting file 'C:\xampp\mysql\data\ibtmp1' size to 12 MB. Physically writing the file full; Please wait ...
2020-11-07 13:51:41 0 [Note] InnoDB: File 'C:\xampp\mysql\data\ibtmp1' size is now 12 MB.
2020-11-07 13:51:41 0 [Note] InnoDB: Waiting for purge to start
2020-11-07 13:51:41 0 [Note] InnoDB: 10.4.14 started; log sequence number 300423; transaction id 171
2020-11-07 13:51:41 0 [Note] InnoDB: Loading buffer pool(s) from C:\xampp\mysql\data\ib_buffer_pool
2020-11-07 13:51:41 0 [Note] Plugin 'FEEDBACK' is disabled.
2020-11-07 13:51:41 0 [Note] InnoDB: Buffer pool(s) load completed at 201107 13:51:41
2020-11-07 13:51:41 0 [Note] Server socket created on IP: '::'.
InnoDB: using atomic writes.
2020-11-07 20:42:08 0 [Note] InnoDB: Mutexes and rw_locks use Windows interlocked functions
2020-11-07 20:42:08 0 [Note] InnoDB: Uses event mutexes
2020-11-07 20:42:08 0 [Note] InnoDB: Compressed tables use zlib 1.2.11
2020-11-07 20:42:08 0 [Note] InnoDB: Number of pools: 1
2020-11-07 20:42:08 0 [Note] InnoDB: Using SSE2 crc32 instructions
2020-11-07 20:42:08 0 [Note] InnoDB: Initializing buffer pool, total size = 16M, instances = 1, chunk size = 16M
2020-11-07 20:42:08 0 [Note] InnoDB: Completed initialization of buffer pool
2020-11-07 20:42:08 0 [Note] InnoDB: Starting crash recovery from checkpoint LSN=300432
2020-11-07 20:42:08 0 [Note] InnoDB: 128 out of 128 rollback segments are active.
2020-11-07 20:42:08 0 [Note] InnoDB: Removed temporary tablespace data file: "ibtmp1"
2020-11-07 20:42:08 0 [Note] InnoDB: Creating shared tablespace for temporary tables
2020-11-07 20:42:08 0 [Note] InnoDB: Setting file 'C:\xampp\mysql\data\ibtmp1' size to 12 MB. Physically writing the file full; Please wait ...
2020-11-07 20:42:08 0 [Note] InnoDB: File 'C:\xampp\mysql\data\ibtmp1' size is now 12 MB.
2020-11-07 20:42:08 0 [Note] InnoDB: Waiting for purge to start
2020-11-07 20:42:09 0 [Note] InnoDB: 10.4.14 started; log sequence number 300441; transaction id 171
2020-11-07 20:42:09 0 [Note] InnoDB: Loading buffer pool(s) from C:\xampp\mysql\data\ib_buffer_pool
2020-11-07 20:42:09 0 [Note] Plugin 'FEEDBACK' is disabled.
2020-11-07 20:42:09 0 [Note] Server socket created on IP: '::'.
InnoDB: using atomic writes.
2020-11-19 13:11:38 0 [Note] InnoDB: Mutexes and rw_locks use Windows interlocked functions
2020-11-19 13:11:38 0 [Note] InnoDB: Uses event mutexes
2020-11-19 13:11:38 0 [Note] InnoDB: Compressed tables use zlib 1.2.11
2020-11-19 13:11:38 0 [Note] InnoDB: Number of pools: 1
2020-11-19 13:11:38 0 [Note] InnoDB: Using SSE2 crc32 instructions
2020-11-19 13:11:38 0 [Note] InnoDB: Initializing buffer pool, total size = 16M, instances = 1, chunk size = 16M
2020-11-19 13:11:38 0 [Note] InnoDB: Completed initialization of buffer pool
2020-11-19 13:11:38 0 [Note] InnoDB: Starting crash recovery from checkpoint LSN=300450
2020-11-19 13:11:40 0 [Note] InnoDB: 128 out of 128 rollback segments are active.
2020-11-19 13:11:40 0 [Note] InnoDB: Removed temporary tablespace data file: "ibtmp1"
2020-11-19 13:11:40 0 [Note] InnoDB: Creating shared tablespace for temporary tables
2020-11-19 13:11:40 0 [Note] InnoDB: Setting file 'C:\xampp\mysql\data\ibtmp1' size to 12 MB. Physically writing the file full; Please wait ...
2020-11-19 13:11:40 0 [Note] InnoDB: File 'C:\xampp\mysql\data\ibtmp1' size is now 12 MB.
2020-11-19 13:11:40 0 [Note] InnoDB: Waiting for purge to start
2020-11-19 13:11:40 0 [Note] InnoDB: 10.4.14 started; log sequence number 300459; transaction id 171
2020-11-19 13:11:41 0 [Note] InnoDB: Loading buffer pool(s) from C:\xampp\mysql\data\ib_buffer_pool
2020-11-19 13:11:41 0 [Note] Plugin 'FEEDBACK' is disabled.
2020-11-19 13:11:41 0 [Note] InnoDB: Buffer pool(s) load completed at 201119 13:11:41
2020-11-19 13:11:41 0 [Note] Server socket created on IP: '::'.
InnoDB: using atomic writes.
2020-11-19 20:22:15 0 [Note] InnoDB: Mutexes and rw_locks use Windows interlocked functions
2020-11-19 20:22:15 0 [Note] InnoDB: Uses event mutexes
2020-11-19 20:22:15 0 [Note] InnoDB: Compressed tables use zlib 1.2.11
2020-11-19 20:22:15 0 [Note] InnoDB: Number of pools: 1
2020-11-19 20:22:15 0 [Note] InnoDB: Using SSE2 crc32 instructions
2020-11-19 20:22:15 0 [Note] InnoDB: Initializing buffer pool, total size = 16M, instances = 1, chunk size = 16M
2020-11-19 20:22:16 0 [Note] InnoDB: Completed initialization of buffer pool
2020-11-19 20:22:16 0 [Note] InnoDB: Starting crash recovery from checkpoint LSN=300468
2020-11-19 20:22:16 0 [Note] InnoDB: 128 out of 128 rollback segments are active.
2020-11-19 20:22:16 0 [Note] InnoDB: Removed temporary tablespace data file: "ibtmp1"
2020-11-19 20:22:16 0 [Note] InnoDB: Creating shared tablespace for temporary tables
2020-11-19 20:22:16 0 [Note] InnoDB: Setting file 'C:\xampp\mysql\data\ibtmp1' size to 12 MB. Physically writing the file full; Please wait ...
2020-11-19 20:22:16 0 [Note] InnoDB: File 'C:\xampp\mysql\data\ibtmp1' size is now 12 MB.
2020-11-19 20:22:16 0 [Note] InnoDB: 10.4.14 started; log sequence number 300477; transaction id 171
2020-11-19 20:22:16 0 [Note] InnoDB: Loading buffer pool(s) from C:\xampp\mysql\data\ib_buffer_pool
2020-11-19 20:22:16 0 [Note] Plugin 'FEEDBACK' is disabled.
2020-11-19 20:22:16 0 [Note] InnoDB: Buffer pool(s) load completed at 201119 20:22:16
2020-11-19 20:22:16 0 [Note] Server socket created on IP: '::'.
InnoDB: using atomic writes.
2020-11-19 20:23:18 0 [Note] InnoDB: Mutexes and rw_locks use Windows interlocked functions
2020-11-19 20:23:18 0 [Note] InnoDB: Uses event mutexes
2020-11-19 20:23:18 0 [Note] InnoDB: Compressed tables use zlib 1.2.11
2020-11-19 20:23:18 0 [Note] InnoDB: Number of pools: 1
2020-11-19 20:23:18 0 [Note] InnoDB: Using SSE2 crc32 instructions
2020-11-19 20:23:18 0 [Note] InnoDB: Initializing buffer pool, total size = 16M, instances = 1, chunk size = 16M
2020-11-19 20:23:18 0 [Note] InnoDB: Completed initialization of buffer pool
2020-11-19 20:23:18 0 [Note] InnoDB: Starting crash recovery from checkpoint LSN=300486
2020-11-19 20:23:19 0 [Note] InnoDB: 128 out of 128 rollback segments are active.
2020-11-19 20:23:19 0 [Note] InnoDB: Removed temporary tablespace data file: "ibtmp1"
2020-11-19 20:23:19 0 [Note] InnoDB: Creating shared tablespace for temporary tables
2020-11-19 20:23:19 0 [Note] InnoDB: Setting file 'C:\xampp\mysql\data\ibtmp1' size to 12 MB. Physically writing the file full; Please wait ...
2020-11-19 20:23:19 0 [Note] InnoDB: File 'C:\xampp\mysql\data\ibtmp1' size is now 12 MB.
2020-11-19 20:23:19 0 [Note] InnoDB: Waiting for purge to start
2020-11-19 20:23:19 0 [Note] InnoDB: 10.4.14 started; log sequence number 300495; transaction id 171
2020-11-19 20:23:19 0 [Note] InnoDB: Loading buffer pool(s) from C:\xampp\mysql\data\ib_buffer_pool
2020-11-19 20:23:19 0 [Note] Plugin 'FEEDBACK' is disabled.
2020-11-19 20:23:19 0 [Note] InnoDB: Buffer pool(s) load completed at 201119 20:23:19
2020-11-19 20:23:19 0 [Note] Server socket created on IP: '::'.
InnoDB: using atomic writes.
2020-11-19 20:25:30 0 [Note] InnoDB: Mutexes and rw_locks use Windows interlocked functions
2020-11-19 20:25:30 0 [Note] InnoDB: Uses event mutexes
2020-11-19 20:25:30 0 [Note] InnoDB: Compressed tables use zlib 1.2.11
2020-11-19 20:25:30 0 [Note] InnoDB: Number of pools: 1
2020-11-19 20:25:30 0 [Note] InnoDB: Using SSE2 crc32 instructions
2020-11-19 20:25:30 0 [Note] InnoDB: Initializing buffer pool, total size = 16M, instances = 1, chunk size = 16M
2020-11-19 20:25:30 0 [Note] InnoDB: Completed initialization of buffer pool
2020-11-19 20:25:30 0 [Note] InnoDB: Starting crash recovery from checkpoint LSN=300504
2020-11-19 20:25:31 0 [Note] InnoDB: 128 out of 128 rollback segments are active.
2020-11-19 20:25:31 0 [Note] InnoDB: Removed temporary tablespace data file: "ibtmp1"
2020-11-19 20:25:31 0 [Note] InnoDB: Creating shared tablespace for temporary tables
2020-11-19 20:25:31 0 [Note] InnoDB: Setting file 'C:\xampp\mysql\data\ibtmp1' size to 12 MB. Physically writing the file full; Please wait ...
2020-11-19 20:25:31 0 [Note] InnoDB: File 'C:\xampp\mysql\data\ibtmp1' size is now 12 MB.
2020-11-19 20:25:31 0 [Note] InnoDB: Waiting for purge to start
2020-11-19 20:25:31 0 [Note] InnoDB: 10.4.14 started; log sequence number 300513; transaction id 171
2020-11-19 20:25:31 0 [Note] InnoDB: Loading buffer pool(s) from C:\xampp\mysql\data\ib_buffer_pool
2020-11-19 20:25:31 0 [Note] Plugin 'FEEDBACK' is disabled.
2020-11-19 20:25:31 0 [Note] InnoDB: Buffer pool(s) load completed at 201119 20:25:31
2020-11-19 20:25:31 0 [Note] Server socket created on IP: '::'.
InnoDB: using atomic writes.
2020-11-26 19:03:23 0 [Note] InnoDB: Mutexes and rw_locks use Windows interlocked functions
2020-11-26 19:03:23 0 [Note] InnoDB: Uses event mutexes
2020-11-26 19:03:23 0 [Note] InnoDB: Compressed tables use zlib 1.2.11
2020-11-26 19:03:23 0 [Note] InnoDB: Number of pools: 1
2020-11-26 19:03:23 0 [Note] InnoDB: Using SSE2 crc32 instructions
2020-11-26 19:03:23 0 [Note] InnoDB: Initializing buffer pool, total size = 16M, instances = 1, chunk size = 16M
2020-11-26 19:03:23 0 [Note] InnoDB: Completed initialization of buffer pool
2020-11-26 19:03:24 0 [Note] InnoDB: Starting crash recovery from checkpoint LSN=305776
2020-11-26 19:03:25 0 [Note] InnoDB: 128 out of 128 rollback segments are active.
2020-11-26 19:03:25 0 [Note] InnoDB: Removed temporary tablespace data file: "ibtmp1"
2020-11-26 19:03:25 0 [Note] InnoDB: Creating shared tablespace for temporary tables
2020-11-26 19:03:25 0 [Note] InnoDB: Setting file 'C:\xampp\mysql\data\ibtmp1' size to 12 MB. Physically writing the file full; Please wait ...
2020-11-26 19:03:25 0 [Note] InnoDB: File 'C:\xampp\mysql\data\ibtmp1' size is now 12 MB.
2020-11-26 19:03:25 0 [Note] InnoDB: Waiting for purge to start
2020-11-26 19:03:25 0 [Note] InnoDB: 10.4.14 started; log sequence number 305785; transaction id 186
2020-11-26 19:03:25 0 [Note] InnoDB: Loading buffer pool(s) from C:\xampp\mysql\data\ib_buffer_pool
2020-11-26 19:03:25 0 [Note] Plugin 'FEEDBACK' is disabled.
2020-11-26 19:03:26 0 [Note] InnoDB: Buffer pool(s) load completed at 201126 19:03:26
2020-11-26 19:03:26 0 [Note] Server socket created on IP: '::'.
InnoDB: using atomic writes.
2020-11-26 19:06:06 0 [Note] InnoDB: Mutexes and rw_locks use Windows interlocked functions
2020-11-26 19:06:06 0 [Note] InnoDB: Uses event mutexes
2020-11-26 19:06:06 0 [Note] InnoDB: Compressed tables use zlib 1.2.11
2020-11-26 19:06:06 0 [Note] InnoDB: Number of pools: 1
2020-11-26 19:06:06 0 [Note] InnoDB: Using SSE2 crc32 instructions
2020-11-26 19:06:06 0 [Note] InnoDB: Initializing buffer pool, total size = 16M, instances = 1, chunk size = 16M
2020-11-26 19:06:06 0 [Note] InnoDB: Completed initialization of buffer pool
2020-11-26 19:06:06 0 [Note] InnoDB: Starting crash recovery from checkpoint LSN=305794
2020-11-26 19:06:06 0 [Note] InnoDB: 128 out of 128 rollback segments are active.
2020-11-26 19:06:06 0 [Note] InnoDB: Removed temporary tablespace data file: "ibtmp1"
2020-11-26 19:06:06 0 [Note] InnoDB: Creating shared tablespace for temporary tables
2020-11-26 19:06:06 0 [Note] InnoDB: Setting file 'C:\xampp\mysql\data\ibtmp1' size to 12 MB. Physically writing the file full; Please wait ...
2020-11-26 19:06:06 0 [Note] InnoDB: File 'C:\xampp\mysql\data\ibtmp1' size is now 12 MB.
2020-11-26 19:06:06 0 [Note] InnoDB: Waiting for purge to start
2020-11-26 19:06:06 0 [Note] InnoDB: 10.4.14 started; log sequence number 305803; transaction id 186
2020-11-26 19:06:06 0 [Note] InnoDB: Loading buffer pool(s) from C:\xampp\mysql\data\ib_buffer_pool
2020-11-26 19:06:06 0 [Note] Plugin 'FEEDBACK' is disabled.
2020-11-26 19:06:06 0 [Note] InnoDB: Buffer pool(s) load completed at 201126 19:06:06
2020-11-26 19:06:06 0 [Note] Server socket created on IP: '::'.
